[kbplacer_plugin_action.py:63]: Plugin version: 0.10
[kbplacer_plugin_action.py:64]: Python version: '3.9.13 (v3.9.13:6de2ca5339, May 17 2022, 11:37:23) \n[Clang 13.0.0 (clang-1300.0.29.30)]'
[kbplacer_plugin_action.py:65]: KiCad version: 8.0.2 with 4.2.2a1 osx-cocoa (phoenix) wxWidgets 3.2.4
[kbplacer_dialog.py:584]: Language: en
[kbplacer_plugin_action.py:76]: GUI state: {"layout_path": "/Users/haobogu/Downloads/keyboard-layout (2).json", "key_distance": [19.05, 19.05], "key_info": {"annotation_format": "SW{}", "position_option": "Default", "position": {"x": 0.0, "y": 0.0, "orientation": 0.0, "side": "Front"}, "template_path": ""}, "enable_diode_placement": true, "route_switches_with_diodes": true, "diode_info": {"annotation_format": "D{}", "position_option": "Custom", "position": {"x": 3.1, "y": 0.0, "orientation": 90.0, "side": "Back"}, "template_path": ""}, "additional_elements": [{"annotation_format": "ST{}", "position_option": "Custom", "position": {"x": 0.0, "y": 0.0, "orientation": 0.0, "side": "Front"}, "template_path": ""}], "route_rows_and_columns": false, "template_path": "", "generate_outline": true, "outline_delta": -0.425}
[key_placer.py:299]: Set key 1U distance: 19050000/19050000
[key_placer.py:112]: Switches by nets: defaultdict(<class 'list'>, {frozenset({'col14', 'row5'}): ['SW61'], frozenset({'col13', 'row5'}): ['SW60'], frozenset({'col11', 'row5'}): ['SW59'], frozenset({'row5', 'col10'}): ['SW58'], frozenset({'col6', 'row5'}): ['SW57'], frozenset({'COL3', 'row5'}): ['SW56'], frozenset({'COL2', 'row5'}): ['SW55'], frozenset({'COL1', 'row5'}): ['SW54'], frozenset({'col14', 'row4'}): ['SW53'], frozenset({'col11', 'row4'}): ['SW52'], frozenset({'col10', 'row4'}): ['SW51'], frozenset({'col9', 'row4'}): ['SW50'], frozenset({'col8', 'row4'}): ['SW49'], frozenset({'col7', 'row4'}): ['SW48'], frozenset({'col6', 'row4'}): ['SW47'], frozenset({'col5', 'row4'}): ['SW46'], frozenset({'col4', 'row4'}): ['SW45'], frozenset({'COL3', 'row4'}): ['SW44'], frozenset({'COL2', 'row4'}): ['SW43'], frozenset({'COL1', 'row4'}): ['SW42'], frozenset({'row3', 'col14'}): ['SW41'], frozenset({'row3', 'col12'}): ['SW40'], frozenset({'col11', 'row3'}): ['SW39'], frozenset({'row3', 'col10'}): ['SW38'], frozenset({'row3', 'col9'}): ['SW37'], frozenset({'col8', 'row3'}): ['SW36'], frozenset({'row3', 'col7'}): ['SW35'], frozenset({'col6', 'row3'}): ['SW34'], frozenset({'col5', 'row3'}): ['SW33'], frozenset({'col4', 'row3'}): ['SW32'], frozenset({'row3', 'COL3'}): ['SW31'], frozenset({'COL2', 'row3'}): ['SW30'], frozenset({'row3', 'COL1'}): ['SW29'], frozenset({'row2', 'col14'}): ['SW28'], frozenset({'col13', 'row2'}): ['SW27'], frozenset({'row2', 'col12'}): ['SW26'], frozenset({'col11', 'row2'}): ['SW25'], frozenset({'row2', 'col10'}): ['SW24'], frozenset({'row2', 'col9'}): ['SW23'], frozenset({'col8', 'row2'}): ['SW22'], frozenset({'row2', 'col7'}): ['SW21'], frozenset({'col6', 'row2'}): ['SW20'], frozenset({'col5', 'row2'}): ['SW19'], frozenset({'col4', 'row2'}): ['SW18'], frozenset({'row2', 'COL3'}): ['SW17'], frozenset({'COL2', 'row2'}): ['SW16'], frozenset({'row2', 'COL1'}): ['SW15'], frozenset({'col14', 'row1'}): ['SW14'], frozenset({'col13', 'row1'}): ['SW13'], frozenset({'row1', 'col12'}): ['SW12'], frozenset({'col11', 'row1'}): ['SW11'], frozenset({'row1', 'col10'}): ['SW10'], frozenset({'row1', 'col9'}): ['SW9'], frozenset({'col8', 'row1'}): ['SW8'], frozenset({'row1', 'col7'}): ['SW7'], frozenset({'col6', 'row1'}): ['SW6'], frozenset({'col5', 'row1'}): ['SW5'], frozenset({'col4', 'row1'}): ['SW4'], frozenset({'COL3', 'row1'}): ['SW3'], frozenset({'COL2', 'row1'}): ['SW2'], frozenset({'COL1', 'row1'}): ['SW1']})
[key_placer.py:116]: Diodes by switch: {'SW61': ['D61'], 'SW60': ['D60'], 'SW59': ['D59'], 'SW58': ['D58'], 'SW57': ['D57'], 'SW56': ['D56'], 'SW55': ['D55'], 'SW54': ['D54'], 'SW53': ['D53'], 'SW52': ['D52'], 'SW51': ['D51'], 'SW50': ['D50'], 'SW49': ['D49'], 'SW48': ['D48'], 'SW47': ['D47'], 'SW46': ['D46'], 'SW45': ['D45'], 'SW44': ['D44'], 'SW43': ['D43'], 'SW41': ['D42'], 'SW42': ['D41'], 'SW40': ['D40'], 'SW39': ['D39'], 'SW38': ['D38'], 'SW37': ['D37'], 'SW36': ['D36'], 'SW35': ['D35'], 'SW34': ['D34'], 'SW33': ['D33'], 'SW32': ['D32'], 'SW31': ['D31'], 'SW30': ['D30'], 'SW29': ['D29'], 'SW28': ['D28'], 'SW27': ['D27'], 'SW26': ['D26'], 'SW25': ['D25'], 'SW24': ['D24'], 'SW23': ['D23'], 'SW22': ['D22'], 'SW21': ['D21'], 'SW20': ['D20'], 'SW19': ['D19'], 'SW18': ['D18'], 'SW17': ['D17'], 'SW16': ['D16'], 'SW15': ['D15'], 'SW14': ['D14'], 'SW13': ['D13'], 'SW12': ['D12'], 'SW11': ['D11'], 'SW10': ['D10'], 'SW9': ['D9'], 'SW8': ['D8'], 'SW7': ['D7'], 'SW6': ['D6'], 'SW5': ['D5'], 'SW4': ['D4'], 'SW3': ['D3'], 'SW2': ['D2'], 'SW1': ['D1']}
[kle_serial.py:749]: User layout: [['~\n`', '!\n1', '@\n2', '#\n3', '$\n4', '%\n5', '^\n6', '&\n7', '*\n8', '(\n9', ')\n0', '_\n-', '+\n=', {'w': 2}, 'Backspace'], [{'w': 1.5}, 'Tab', 'Q', 'W', 'E', 'R', 'T', 'Y', 'U', 'I', 'O', 'P', '{\n[', '}\n]', {'w': 1.5}, '|\n\\'], [{'w': 1.75}, 'Caps Lock', 'A', 'S', 'D', 'F', 'G', 'H', 'J', 'K', 'L', ':\n;', '"\n\'', {'w': 2.25}, 'Enter'], [{'w': 2.25}, 'Shift', 'Z', 'X', 'C', 'V', 'B', 'N', 'M', '<\n,', '>\n.', '?\n/', {'w': 2.75}, 'Shift'], [{'w': 1.25}, 'Ctrl', {'w': 1.25}, 'Win', {'w': 1.25}, 'Alt', {'a': 7, 'w': 6.25}, '', {'a': 4, 'w': 1.25}, 'Alt', {'w': 1.25}, 'Win', {'w': 1.25}, 'Menu', {'w': 1.25}, 'Ctrl']]
[key_placer.py:595]: Layout offset: (28575000, 28575000)
[board_modifier.py:83]: Setting SW1 footprint position: (38100000, 38100000)
[board_modifier.py:83]: Setting SW2 footprint position: (57150000, 38100000)
[board_modifier.py:83]: Setting SW3 footprint position: (76200000, 38100000)
[board_modifier.py:83]: Setting SW4 footprint position: (95250000, 38100000)
[board_modifier.py:83]: Setting SW5 footprint position: (114300000, 38100000)
[board_modifier.py:83]: Setting SW6 footprint position: (133350000, 38100000)
[board_modifier.py:83]: Setting SW7 footprint position: (152400000, 38100000)
[board_modifier.py:83]: Setting SW8 footprint position: (171450000, 38100000)
[board_modifier.py:83]: Setting SW9 footprint position: (190500000, 38100000)
[board_modifier.py:83]: Setting SW10 footprint position: (209550000, 38100000)
[board_modifier.py:83]: Setting SW11 footprint position: (228600000, 38100000)
[board_modifier.py:83]: Setting SW12 footprint position: (247650000, 38100000)
[board_modifier.py:83]: Setting SW13 footprint position: (266700000, 38100000)
[board_modifier.py:83]: Setting SW14 footprint position: (295275000, 38100000)
[board_modifier.py:83]: Setting SW15 footprint position: (42862500, 57150000)
[board_modifier.py:83]: Setting SW16 footprint position: (66675000, 57150000)
[board_modifier.py:83]: Setting SW17 footprint position: (85725000, 57150000)
[board_modifier.py:83]: Setting SW18 footprint position: (104775000, 57150000)
[board_modifier.py:83]: Setting SW19 footprint position: (123825000, 57150000)
[board_modifier.py:83]: Setting SW20 footprint position: (142875000, 57150000)
[board_modifier.py:83]: Setting SW21 footprint position: (161925000, 57150000)
[board_modifier.py:83]: Setting SW22 footprint position: (180975000, 57150000)
[board_modifier.py:83]: Setting SW23 footprint position: (200025000, 57150000)
[board_modifier.py:83]: Setting SW24 footprint position: (219075000, 57150000)
[board_modifier.py:83]: Setting SW25 footprint position: (238125000, 57150000)
[board_modifier.py:83]: Setting SW26 footprint position: (257175000, 57150000)
[board_modifier.py:83]: Setting SW27 footprint position: (276225000, 57150000)
[board_modifier.py:83]: Setting SW28 footprint position: (300037500, 57150000)
[board_modifier.py:83]: Setting SW29 footprint position: (45243750, 76200000)
[board_modifier.py:83]: Setting SW30 footprint position: (71437500, 76200000)
[board_modifier.py:83]: Setting SW31 footprint position: (90487500, 76200000)
[board_modifier.py:83]: Setting SW32 footprint position: (109537500, 76200000)
[board_modifier.py:83]: Setting SW33 footprint position: (128587500, 76200000)
[board_modifier.py:83]: Setting SW34 footprint position: (147637500, 76200000)
[board_modifier.py:83]: Setting SW35 footprint position: (166687500, 76200000)
[board_modifier.py:83]: Setting SW36 footprint position: (185737500, 76200000)
[board_modifier.py:83]: Setting SW37 footprint position: (204787500, 76200000)
[board_modifier.py:83]: Setting SW38 footprint position: (223837500, 76200000)
[board_modifier.py:83]: Setting SW39 footprint position: (242887500, 76200000)
[board_modifier.py:83]: Setting SW40 footprint position: (261937500, 76200000)
[board_modifier.py:83]: Setting SW41 footprint position: (292893750, 76200000)
[board_modifier.py:83]: Setting SW42 footprint position: (50006250, 95250000)
[board_modifier.py:83]: Setting SW43 footprint position: (80962500, 95250000)
[board_modifier.py:83]: Setting SW44 footprint position: (100012500, 95250000)
[board_modifier.py:83]: Setting SW45 footprint position: (119062500, 95250000)
[board_modifier.py:83]: Setting SW46 footprint position: (138112500, 95250000)
[board_modifier.py:83]: Setting SW47 footprint position: (157162500, 95250000)
[board_modifier.py:83]: Setting SW48 footprint position: (176212500, 95250000)
[board_modifier.py:83]: Setting SW49 footprint position: (195262500, 95250000)
[board_modifier.py:83]: Setting SW50 footprint position: (214312500, 95250000)
[board_modifier.py:83]: Setting SW51 footprint position: (233362500, 95250000)
[board_modifier.py:83]: Setting SW52 footprint position: (252412500, 95250000)
[board_modifier.py:83]: Setting SW53 footprint position: (288131250, 95250000)
[board_modifier.py:83]: Setting SW54 footprint position: (40481250, 114300000)
[board_modifier.py:83]: Setting SW55 footprint position: (64293750, 114300000)
[board_modifier.py:83]: Setting SW56 footprint position: (88106250, 114300000)
[board_modifier.py:83]: Setting SW57 footprint position: (159543750, 114300000)
[board_modifier.py:83]: Setting SW58 footprint position: (230981250, 114300000)
[board_modifier.py:83]: Setting SW59 footprint position: (254793750, 114300000)
[board_modifier.py:83]: Setting SW60 footprint position: (278606250, 114300000)
[board_modifier.py:83]: Setting SW61 footprint position: (302418750, 114300000)
[key_placer.py:907]: Diode info: [ElementInfo(annotation_format='D{}', position_option=<PositionOption.CUSTOM: 'Custom'>, position=ElementPosition(x=3.1, y=0.0, orientation=90.0, side=<Side.BACK: 'Back'>), template_path='')]
[board_modifier.py:96]: Getting SW1 footprint position: (38100000, 38100000)
[board_modifier.py:83]: Setting D1 footprint position: (41200000, 38100000)
[board_modifier.py:96]: Getting SW10 footprint position: (209550000, 38100000)
[board_modifier.py:83]: Setting D10 footprint position: (212650000, 38100000)
[board_modifier.py:96]: Getting SW11 footprint position: (228600000, 38100000)
[board_modifier.py:83]: Setting D11 footprint position: (231700000, 38100000)
[board_modifier.py:96]: Getting SW12 footprint position: (247650000, 38100000)
[board_modifier.py:83]: Setting D12 footprint position: (250750000, 38100000)
[board_modifier.py:96]: Getting SW13 footprint position: (266700000, 38100000)
[board_modifier.py:83]: Setting D13 footprint position: (269800000, 38100000)
[board_modifier.py:96]: Getting SW14 footprint position: (295275000, 38100000)
[board_modifier.py:83]: Setting D14 footprint position: (298375000, 38100000)
[board_modifier.py:96]: Getting SW15 footprint position: (42862500, 57150000)
[board_modifier.py:83]: Setting D15 footprint position: (45962500, 57150000)
[board_modifier.py:96]: Getting SW16 footprint position: (66675000, 57150000)
[board_modifier.py:83]: Setting D16 footprint position: (69775000, 57150000)
[board_modifier.py:96]: Getting SW17 footprint position: (85725000, 57150000)
[board_modifier.py:83]: Setting D17 footprint position: (88825000, 57150000)
[board_modifier.py:96]: Getting SW18 footprint position: (104775000, 57150000)
[board_modifier.py:83]: Setting D18 footprint position: (107875000, 57150000)
[board_modifier.py:96]: Getting SW19 footprint position: (123825000, 57150000)
[board_modifier.py:83]: Setting D19 footprint position: (126925000, 57150000)
[board_modifier.py:96]: Getting SW2 footprint position: (57150000, 38100000)
[board_modifier.py:83]: Setting D2 footprint position: (60250000, 38100000)
[board_modifier.py:96]: Getting SW20 footprint position: (142875000, 57150000)
[board_modifier.py:83]: Setting D20 footprint position: (145975000, 57150000)
[board_modifier.py:96]: Getting SW21 footprint position: (161925000, 57150000)
[board_modifier.py:83]: Setting D21 footprint position: (165025000, 57150000)
[board_modifier.py:96]: Getting SW22 footprint position: (180975000, 57150000)
[board_modifier.py:83]: Setting D22 footprint position: (184075000, 57150000)
[board_modifier.py:96]: Getting SW23 footprint position: (200025000, 57150000)
[board_modifier.py:83]: Setting D23 footprint position: (203125000, 57150000)
[board_modifier.py:96]: Getting SW24 footprint position: (219075000, 57150000)
[board_modifier.py:83]: Setting D24 footprint position: (222175000, 57150000)
[board_modifier.py:96]: Getting SW25 footprint position: (238125000, 57150000)
[board_modifier.py:83]: Setting D25 footprint position: (241225000, 57150000)
[board_modifier.py:96]: Getting SW26 footprint position: (257175000, 57150000)
[board_modifier.py:83]: Setting D26 footprint position: (260275000, 57150000)
[board_modifier.py:96]: Getting SW27 footprint position: (276225000, 57150000)
[board_modifier.py:83]: Setting D27 footprint position: (279325000, 57150000)
[board_modifier.py:96]: Getting SW28 footprint position: (300037500, 57150000)
[board_modifier.py:83]: Setting D28 footprint position: (303137500, 57150000)
[board_modifier.py:96]: Getting SW29 footprint position: (45243750, 76200000)
[board_modifier.py:83]: Setting D29 footprint position: (48343750, 76200000)
[board_modifier.py:96]: Getting SW3 footprint position: (76200000, 38100000)
[board_modifier.py:83]: Setting D3 footprint position: (79300000, 38100000)
[board_modifier.py:96]: Getting SW30 footprint position: (71437500, 76200000)
[board_modifier.py:83]: Setting D30 footprint position: (74537500, 76200000)
[board_modifier.py:96]: Getting SW31 footprint position: (90487500, 76200000)
[board_modifier.py:83]: Setting D31 footprint position: (93587500, 76200000)
[board_modifier.py:96]: Getting SW32 footprint position: (109537500, 76200000)
[board_modifier.py:83]: Setting D32 footprint position: (112637500, 76200000)
[board_modifier.py:96]: Getting SW33 footprint position: (128587500, 76200000)
[board_modifier.py:83]: Setting D33 footprint position: (131687500, 76200000)
[board_modifier.py:96]: Getting SW34 footprint position: (147637500, 76200000)
[board_modifier.py:83]: Setting D34 footprint position: (150737500, 76200000)
[board_modifier.py:96]: Getting SW35 footprint position: (166687500, 76200000)
[board_modifier.py:83]: Setting D35 footprint position: (169787500, 76200000)
[board_modifier.py:96]: Getting SW36 footprint position: (185737500, 76200000)
[board_modifier.py:83]: Setting D36 footprint position: (188837500, 76200000)
[board_modifier.py:96]: Getting SW37 footprint position: (204787500, 76200000)
[board_modifier.py:83]: Setting D37 footprint position: (207887500, 76200000)
[board_modifier.py:96]: Getting SW38 footprint position: (223837500, 76200000)
[board_modifier.py:83]: Setting D38 footprint position: (226937500, 76200000)
[board_modifier.py:96]: Getting SW39 footprint position: (242887500, 76200000)
[board_modifier.py:83]: Setting D39 footprint position: (245987500, 76200000)
[board_modifier.py:96]: Getting SW4 footprint position: (95250000, 38100000)
[board_modifier.py:83]: Setting D4 footprint position: (98350000, 38100000)
[board_modifier.py:96]: Getting SW40 footprint position: (261937500, 76200000)
[board_modifier.py:83]: Setting D40 footprint position: (265037500, 76200000)
[board_modifier.py:96]: Getting SW41 footprint position: (292893750, 76200000)
[board_modifier.py:83]: Setting D42 footprint position: (295993750, 76200000)
[board_modifier.py:96]: Getting SW42 footprint position: (50006250, 95250000)
[board_modifier.py:83]: Setting D41 footprint position: (53106250, 95250000)
[board_modifier.py:96]: Getting SW43 footprint position: (80962500, 95250000)
[board_modifier.py:83]: Setting D43 footprint position: (84062500, 95250000)
[board_modifier.py:96]: Getting SW44 footprint position: (100012500, 95250000)
[board_modifier.py:83]: Setting D44 footprint position: (103112500, 95250000)
[board_modifier.py:96]: Getting SW45 footprint position: (119062500, 95250000)
[board_modifier.py:83]: Setting D45 footprint position: (122162500, 95250000)
[board_modifier.py:96]: Getting SW46 footprint position: (138112500, 95250000)
[board_modifier.py:83]: Setting D46 footprint position: (141212500, 95250000)
[board_modifier.py:96]: Getting SW47 footprint position: (157162500, 95250000)
[board_modifier.py:83]: Setting D47 footprint position: (160262500, 95250000)
[board_modifier.py:96]: Getting SW48 footprint position: (176212500, 95250000)
[board_modifier.py:83]: Setting D48 footprint position: (179312500, 95250000)
[board_modifier.py:96]: Getting SW49 footprint position: (195262500, 95250000)
[board_modifier.py:83]: Setting D49 footprint position: (198362500, 95250000)
[board_modifier.py:96]: Getting SW5 footprint position: (114300000, 38100000)
[board_modifier.py:83]: Setting D5 footprint position: (117400000, 38100000)
[board_modifier.py:96]: Getting SW50 footprint position: (214312500, 95250000)
[board_modifier.py:83]: Setting D50 footprint position: (217412500, 95250000)
[board_modifier.py:96]: Getting SW51 footprint position: (233362500, 95250000)
[board_modifier.py:83]: Setting D51 footprint position: (236462500, 95250000)
[board_modifier.py:96]: Getting SW52 footprint position: (252412500, 95250000)
[board_modifier.py:83]: Setting D52 footprint position: (255512500, 95250000)
[board_modifier.py:96]: Getting SW53 footprint position: (288131250, 95250000)
[board_modifier.py:83]: Setting D53 footprint position: (291231250, 95250000)
[board_modifier.py:96]: Getting SW54 footprint position: (40481250, 114300000)
[board_modifier.py:83]: Setting D54 footprint position: (43581250, 114300000)
[board_modifier.py:96]: Getting SW55 footprint position: (64293750, 114300000)
[board_modifier.py:83]: Setting D55 footprint position: (67393750, 114300000)
[board_modifier.py:96]: Getting SW56 footprint position: (88106250, 114300000)
[board_modifier.py:83]: Setting D56 footprint position: (91206250, 114300000)
[board_modifier.py:96]: Getting SW57 footprint position: (159543750, 114300000)
[board_modifier.py:83]: Setting D57 footprint position: (162643750, 114300000)
[board_modifier.py:96]: Getting SW58 footprint position: (230981250, 114300000)
[board_modifier.py:83]: Setting D58 footprint position: (234081250, 114300000)
[board_modifier.py:96]: Getting SW59 footprint position: (254793750, 114300000)
[board_modifier.py:83]: Setting D59 footprint position: (257893750, 114300000)
[board_modifier.py:96]: Getting SW6 footprint position: (133350000, 38100000)
[board_modifier.py:83]: Setting D6 footprint position: (136450000, 38100000)
[board_modifier.py:96]: Getting SW60 footprint position: (278606250, 114300000)
[board_modifier.py:83]: Setting D60 footprint position: (281706250, 114300000)
[board_modifier.py:96]: Getting SW61 footprint position: (302418750, 114300000)
[board_modifier.py:83]: Setting D61 footprint position: (305518750, 114300000)
[board_modifier.py:96]: Getting SW7 footprint position: (152400000, 38100000)
[board_modifier.py:83]: Setting D7 footprint position: (155500000, 38100000)
[board_modifier.py:96]: Getting SW8 footprint position: (171450000, 38100000)
[board_modifier.py:83]: Setting D8 footprint position: (174550000, 38100000)
[board_modifier.py:96]: Getting SW9 footprint position: (190500000, 38100000)
[board_modifier.py:83]: Setting D9 footprint position: (193600000, 38100000)
[board_modifier.py:96]: Getting SW61 footprint position: (302418750, 114300000)
[board_modifier.py:63]: Searching for ST61 footprint in /Users/haobogu/Projects/keyboard/rmk-ble-keyboard/rmk-ble-keyboard.kicad_pcb
[board_modifier.py:66]: Footprint not found
[board_modifier.py:96]: Getting SW60 footprint position: (278606250, 114300000)
[board_modifier.py:63]: Searching for ST60 footprint in /Users/haobogu/Projects/keyboard/rmk-ble-keyboard/rmk-ble-keyboard.kicad_pcb
[board_modifier.py:66]: Footprint not found
[board_modifier.py:96]: Getting SW59 footprint position: (254793750, 114300000)
[board_modifier.py:63]: Searching for ST59 footprint in /Users/haobogu/Projects/keyboard/rmk-ble-keyboard/rmk-ble-keyboard.kicad_pcb
[board_modifier.py:66]: Footprint not found
[board_modifier.py:96]: Getting SW58 footprint position: (230981250, 114300000)
[board_modifier.py:63]: Searching for ST58 footprint in /Users/haobogu/Projects/keyboard/rmk-ble-keyboard/rmk-ble-keyboard.kicad_pcb
[board_modifier.py:66]: Footprint not found
[board_modifier.py:96]: Getting SW57 footprint position: (159543750, 114300000)
[board_modifier.py:63]: Searching for ST57 footprint in /Users/haobogu/Projects/keyboard/rmk-ble-keyboard/rmk-ble-keyboard.kicad_pcb
[board_modifier.py:66]: Footprint not found
[board_modifier.py:96]: Getting SW56 footprint position: (88106250, 114300000)
[board_modifier.py:63]: Searching for ST56 footprint in /Users/haobogu/Projects/keyboard/rmk-ble-keyboard/rmk-ble-keyboard.kicad_pcb
[board_modifier.py:66]: Footprint not found
[board_modifier.py:96]: Getting SW55 footprint position: (64293750, 114300000)
[board_modifier.py:63]: Searching for ST55 footprint in /Users/haobogu/Projects/keyboard/rmk-ble-keyboard/rmk-ble-keyboard.kicad_pcb
[board_modifier.py:66]: Footprint not found
[board_modifier.py:96]: Getting SW54 footprint position: (40481250, 114300000)
[board_modifier.py:63]: Searching for ST54 footprint in /Users/haobogu/Projects/keyboard/rmk-ble-keyboard/rmk-ble-keyboard.kicad_pcb
[board_modifier.py:66]: Footprint not found
[board_modifier.py:96]: Getting SW53 footprint position: (288131250, 95250000)
[board_modifier.py:63]: Searching for ST53 footprint in /Users/haobogu/Projects/keyboard/rmk-ble-keyboard/rmk-ble-keyboard.kicad_pcb
[board_modifier.py:66]: Footprint not found
[board_modifier.py:96]: Getting SW52 footprint position: (252412500, 95250000)
[board_modifier.py:63]: Searching for ST52 footprint in /Users/haobogu/Projects/keyboard/rmk-ble-keyboard/rmk-ble-keyboard.kicad_pcb
[board_modifier.py:66]: Footprint not found
[board_modifier.py:96]: Getting SW51 footprint position: (233362500, 95250000)
[board_modifier.py:63]: Searching for ST51 footprint in /Users/haobogu/Projects/keyboard/rmk-ble-keyboard/rmk-ble-keyboard.kicad_pcb
[board_modifier.py:66]: Footprint not found
[board_modifier.py:96]: Getting SW50 footprint position: (214312500, 95250000)
[board_modifier.py:63]: Searching for ST50 footprint in /Users/haobogu/Projects/keyboard/rmk-ble-keyboard/rmk-ble-keyboard.kicad_pcb
[board_modifier.py:66]: Footprint not found
[board_modifier.py:96]: Getting SW49 footprint position: (195262500, 95250000)
[board_modifier.py:63]: Searching for ST49 footprint in /Users/haobogu/Projects/keyboard/rmk-ble-keyboard/rmk-ble-keyboard.kicad_pcb
[board_modifier.py:66]: Footprint not found
[board_modifier.py:96]: Getting SW48 footprint position: (176212500, 95250000)
[board_modifier.py:63]: Searching for ST48 footprint in /Users/haobogu/Projects/keyboard/rmk-ble-keyboard/rmk-ble-keyboard.kicad_pcb
[board_modifier.py:66]: Footprint not found
[board_modifier.py:96]: Getting SW47 footprint position: (157162500, 95250000)
[board_modifier.py:63]: Searching for ST47 footprint in /Users/haobogu/Projects/keyboard/rmk-ble-keyboard/rmk-ble-keyboard.kicad_pcb
[board_modifier.py:66]: Footprint not found
[board_modifier.py:96]: Getting SW46 footprint position: (138112500, 95250000)
[board_modifier.py:63]: Searching for ST46 footprint in /Users/haobogu/Projects/keyboard/rmk-ble-keyboard/rmk-ble-keyboard.kicad_pcb
[board_modifier.py:66]: Footprint not found
[board_modifier.py:96]: Getting SW45 footprint position: (119062500, 95250000)
[board_modifier.py:63]: Searching for ST45 footprint in /Users/haobogu/Projects/keyboard/rmk-ble-keyboard/rmk-ble-keyboard.kicad_pcb
[board_modifier.py:66]: Footprint not found
[board_modifier.py:96]: Getting SW44 footprint position: (100012500, 95250000)
[board_modifier.py:63]: Searching for ST44 footprint in /Users/haobogu/Projects/keyboard/rmk-ble-keyboard/rmk-ble-keyboard.kicad_pcb
[board_modifier.py:66]: Footprint not found
[board_modifier.py:96]: Getting SW43 footprint position: (80962500, 95250000)
[board_modifier.py:63]: Searching for ST43 footprint in /Users/haobogu/Projects/keyboard/rmk-ble-keyboard/rmk-ble-keyboard.kicad_pcb
[board_modifier.py:66]: Footprint not found
[board_modifier.py:96]: Getting SW42 footprint position: (50006250, 95250000)
[board_modifier.py:63]: Searching for ST42 footprint in /Users/haobogu/Projects/keyboard/rmk-ble-keyboard/rmk-ble-keyboard.kicad_pcb
[board_modifier.py:66]: Footprint not found
[board_modifier.py:96]: Getting SW41 footprint position: (292893750, 76200000)
[board_modifier.py:63]: Searching for ST41 footprint in /Users/haobogu/Projects/keyboard/rmk-ble-keyboard/rmk-ble-keyboard.kicad_pcb
[board_modifier.py:66]: Footprint not found
[board_modifier.py:96]: Getting SW40 footprint position: (261937500, 76200000)
[board_modifier.py:63]: Searching for ST40 footprint in /Users/haobogu/Projects/keyboard/rmk-ble-keyboard/rmk-ble-keyboard.kicad_pcb
[board_modifier.py:66]: Footprint not found
[board_modifier.py:96]: Getting SW39 footprint position: (242887500, 76200000)
[board_modifier.py:63]: Searching for ST39 footprint in /Users/haobogu/Projects/keyboard/rmk-ble-keyboard/rmk-ble-keyboard.kicad_pcb
[board_modifier.py:66]: Footprint not found
[board_modifier.py:96]: Getting SW38 footprint position: (223837500, 76200000)
[board_modifier.py:63]: Searching for ST38 footprint in /Users/haobogu/Projects/keyboard/rmk-ble-keyboard/rmk-ble-keyboard.kicad_pcb
[board_modifier.py:66]: Footprint not found
[board_modifier.py:96]: Getting SW37 footprint position: (204787500, 76200000)
[board_modifier.py:63]: Searching for ST37 footprint in /Users/haobogu/Projects/keyboard/rmk-ble-keyboard/rmk-ble-keyboard.kicad_pcb
[board_modifier.py:66]: Footprint not found
[board_modifier.py:96]: Getting SW36 footprint position: (185737500, 76200000)
[board_modifier.py:63]: Searching for ST36 footprint in /Users/haobogu/Projects/keyboard/rmk-ble-keyboard/rmk-ble-keyboard.kicad_pcb
[board_modifier.py:66]: Footprint not found
[board_modifier.py:96]: Getting SW35 footprint position: (166687500, 76200000)
[board_modifier.py:63]: Searching for ST35 footprint in /Users/haobogu/Projects/keyboard/rmk-ble-keyboard/rmk-ble-keyboard.kicad_pcb
[board_modifier.py:66]: Footprint not found
[board_modifier.py:96]: Getting SW34 footprint position: (147637500, 76200000)
[board_modifier.py:63]: Searching for ST34 footprint in /Users/haobogu/Projects/keyboard/rmk-ble-keyboard/rmk-ble-keyboard.kicad_pcb
[board_modifier.py:66]: Footprint not found
[board_modifier.py:96]: Getting SW33 footprint position: (128587500, 76200000)
[board_modifier.py:63]: Searching for ST33 footprint in /Users/haobogu/Projects/keyboard/rmk-ble-keyboard/rmk-ble-keyboard.kicad_pcb
[board_modifier.py:66]: Footprint not found
[board_modifier.py:96]: Getting SW32 footprint position: (109537500, 76200000)
[board_modifier.py:63]: Searching for ST32 footprint in /Users/haobogu/Projects/keyboard/rmk-ble-keyboard/rmk-ble-keyboard.kicad_pcb
[board_modifier.py:66]: Footprint not found
[board_modifier.py:96]: Getting SW31 footprint position: (90487500, 76200000)
[board_modifier.py:63]: Searching for ST31 footprint in /Users/haobogu/Projects/keyboard/rmk-ble-keyboard/rmk-ble-keyboard.kicad_pcb
[board_modifier.py:66]: Footprint not found
[board_modifier.py:96]: Getting SW30 footprint position: (71437500, 76200000)
[board_modifier.py:63]: Searching for ST30 footprint in /Users/haobogu/Projects/keyboard/rmk-ble-keyboard/rmk-ble-keyboard.kicad_pcb
[board_modifier.py:66]: Footprint not found
[board_modifier.py:96]: Getting SW29 footprint position: (45243750, 76200000)
[board_modifier.py:63]: Searching for ST29 footprint in /Users/haobogu/Projects/keyboard/rmk-ble-keyboard/rmk-ble-keyboard.kicad_pcb
[board_modifier.py:66]: Footprint not found
[board_modifier.py:96]: Getting SW28 footprint position: (300037500, 57150000)
[board_modifier.py:63]: Searching for ST28 footprint in /Users/haobogu/Projects/keyboard/rmk-ble-keyboard/rmk-ble-keyboard.kicad_pcb
[board_modifier.py:66]: Footprint not found
[board_modifier.py:96]: Getting SW27 footprint position: (276225000, 57150000)
[board_modifier.py:63]: Searching for ST27 footprint in /Users/haobogu/Projects/keyboard/rmk-ble-keyboard/rmk-ble-keyboard.kicad_pcb
[board_modifier.py:66]: Footprint not found
[board_modifier.py:96]: Getting SW26 footprint position: (257175000, 57150000)
[board_modifier.py:63]: Searching for ST26 footprint in /Users/haobogu/Projects/keyboard/rmk-ble-keyboard/rmk-ble-keyboard.kicad_pcb
[board_modifier.py:66]: Footprint not found
[board_modifier.py:96]: Getting SW25 footprint position: (238125000, 57150000)
[board_modifier.py:63]: Searching for ST25 footprint in /Users/haobogu/Projects/keyboard/rmk-ble-keyboard/rmk-ble-keyboard.kicad_pcb
[board_modifier.py:66]: Footprint not found
[board_modifier.py:96]: Getting SW24 footprint position: (219075000, 57150000)
[board_modifier.py:63]: Searching for ST24 footprint in /Users/haobogu/Projects/keyboard/rmk-ble-keyboard/rmk-ble-keyboard.kicad_pcb
[board_modifier.py:66]: Footprint not found
[board_modifier.py:96]: Getting SW23 footprint position: (200025000, 57150000)
[board_modifier.py:63]: Searching for ST23 footprint in /Users/haobogu/Projects/keyboard/rmk-ble-keyboard/rmk-ble-keyboard.kicad_pcb
[board_modifier.py:66]: Footprint not found
[board_modifier.py:96]: Getting SW22 footprint position: (180975000, 57150000)
[board_modifier.py:63]: Searching for ST22 footprint in /Users/haobogu/Projects/keyboard/rmk-ble-keyboard/rmk-ble-keyboard.kicad_pcb
[board_modifier.py:66]: Footprint not found
[board_modifier.py:96]: Getting SW21 footprint position: (161925000, 57150000)
[board_modifier.py:63]: Searching for ST21 footprint in /Users/haobogu/Projects/keyboard/rmk-ble-keyboard/rmk-ble-keyboard.kicad_pcb
[board_modifier.py:66]: Footprint not found
[board_modifier.py:96]: Getting SW20 footprint position: (142875000, 57150000)
[board_modifier.py:63]: Searching for ST20 footprint in /Users/haobogu/Projects/keyboard/rmk-ble-keyboard/rmk-ble-keyboard.kicad_pcb
[board_modifier.py:66]: Footprint not found
[board_modifier.py:96]: Getting SW19 footprint position: (123825000, 57150000)
[board_modifier.py:63]: Searching for ST19 footprint in /Users/haobogu/Projects/keyboard/rmk-ble-keyboard/rmk-ble-keyboard.kicad_pcb
[board_modifier.py:66]: Footprint not found
[board_modifier.py:96]: Getting SW18 footprint position: (104775000, 57150000)
[board_modifier.py:63]: Searching for ST18 footprint in /Users/haobogu/Projects/keyboard/rmk-ble-keyboard/rmk-ble-keyboard.kicad_pcb
[board_modifier.py:66]: Footprint not found
[board_modifier.py:96]: Getting SW17 footprint position: (85725000, 57150000)
[board_modifier.py:63]: Searching for ST17 footprint in /Users/haobogu/Projects/keyboard/rmk-ble-keyboard/rmk-ble-keyboard.kicad_pcb
[board_modifier.py:66]: Footprint not found
[board_modifier.py:96]: Getting SW16 footprint position: (66675000, 57150000)
[board_modifier.py:63]: Searching for ST16 footprint in /Users/haobogu/Projects/keyboard/rmk-ble-keyboard/rmk-ble-keyboard.kicad_pcb
[board_modifier.py:66]: Footprint not found
[board_modifier.py:96]: Getting SW15 footprint position: (42862500, 57150000)
[board_modifier.py:63]: Searching for ST15 footprint in /Users/haobogu/Projects/keyboard/rmk-ble-keyboard/rmk-ble-keyboard.kicad_pcb
[board_modifier.py:66]: Footprint not found
[board_modifier.py:96]: Getting SW14 footprint position: (295275000, 38100000)
[board_modifier.py:63]: Searching for ST14 footprint in /Users/haobogu/Projects/keyboard/rmk-ble-keyboard/rmk-ble-keyboard.kicad_pcb
[board_modifier.py:66]: Footprint not found
[board_modifier.py:96]: Getting SW13 footprint position: (266700000, 38100000)
[board_modifier.py:63]: Searching for ST13 footprint in /Users/haobogu/Projects/keyboard/rmk-ble-keyboard/rmk-ble-keyboard.kicad_pcb
[board_modifier.py:66]: Footprint not found
[board_modifier.py:96]: Getting SW12 footprint position: (247650000, 38100000)
[board_modifier.py:63]: Searching for ST12 footprint in /Users/haobogu/Projects/keyboard/rmk-ble-keyboard/rmk-ble-keyboard.kicad_pcb
[board_modifier.py:66]: Footprint not found
[board_modifier.py:96]: Getting SW11 footprint position: (228600000, 38100000)
[board_modifier.py:63]: Searching for ST11 footprint in /Users/haobogu/Projects/keyboard/rmk-ble-keyboard/rmk-ble-keyboard.kicad_pcb
[board_modifier.py:66]: Footprint not found
[board_modifier.py:96]: Getting SW10 footprint position: (209550000, 38100000)
[board_modifier.py:63]: Searching for ST10 footprint in /Users/haobogu/Projects/keyboard/rmk-ble-keyboard/rmk-ble-keyboard.kicad_pcb
[board_modifier.py:66]: Footprint not found
[board_modifier.py:96]: Getting SW9 footprint position: (190500000, 38100000)
[board_modifier.py:63]: Searching for ST9 footprint in /Users/haobogu/Projects/keyboard/rmk-ble-keyboard/rmk-ble-keyboard.kicad_pcb
[board_modifier.py:66]: Footprint not found
[board_modifier.py:96]: Getting SW8 footprint position: (171450000, 38100000)
[board_modifier.py:63]: Searching for ST8 footprint in /Users/haobogu/Projects/keyboard/rmk-ble-keyboard/rmk-ble-keyboard.kicad_pcb
[board_modifier.py:66]: Footprint not found
[board_modifier.py:96]: Getting SW7 footprint position: (152400000, 38100000)
[board_modifier.py:63]: Searching for ST7 footprint in /Users/haobogu/Projects/keyboard/rmk-ble-keyboard/rmk-ble-keyboard.kicad_pcb
[board_modifier.py:66]: Footprint not found
[board_modifier.py:96]: Getting SW6 footprint position: (133350000, 38100000)
[board_modifier.py:63]: Searching for ST6 footprint in /Users/haobogu/Projects/keyboard/rmk-ble-keyboard/rmk-ble-keyboard.kicad_pcb
[board_modifier.py:66]: Footprint not found
[board_modifier.py:96]: Getting SW5 footprint position: (114300000, 38100000)
[board_modifier.py:63]: Searching for ST5 footprint in /Users/haobogu/Projects/keyboard/rmk-ble-keyboard/rmk-ble-keyboard.kicad_pcb
[board_modifier.py:66]: Footprint not found
[board_modifier.py:96]: Getting SW4 footprint position: (95250000, 38100000)
[board_modifier.py:63]: Searching for ST4 footprint in /Users/haobogu/Projects/keyboard/rmk-ble-keyboard/rmk-ble-keyboard.kicad_pcb
[board_modifier.py:66]: Footprint not found
[board_modifier.py:96]: Getting SW3 footprint position: (76200000, 38100000)
[board_modifier.py:63]: Searching for ST3 footprint in /Users/haobogu/Projects/keyboard/rmk-ble-keyboard/rmk-ble-keyboard.kicad_pcb
[board_modifier.py:66]: Footprint not found
[board_modifier.py:96]: Getting SW2 footprint position: (57150000, 38100000)
[board_modifier.py:63]: Searching for ST2 footprint in /Users/haobogu/Projects/keyboard/rmk-ble-keyboard/rmk-ble-keyboard.kicad_pcb
[board_modifier.py:66]: Footprint not found
[board_modifier.py:96]: Getting SW1 footprint position: (38100000, 38100000)
[board_modifier.py:63]: Searching for ST1 footprint in /Users/haobogu/Projects/keyboard/rmk-ble-keyboard/rmk-ble-keyboard.kicad_pcb
[board_modifier.py:66]: Footprint not found
[key_placer.py:361]: Routing SW61 with D61
[key_placer.py:363]: Using internal autorouter method
[board_modifier.py:433]: Routing at B.Cu layer
[board_modifier.py:499]: Routing pad 'SW61:2' at (304958750, 109220000) with pad 'D61:2' at (305518750, 112650000) using coordinate system rotated by 0 degree(s)
[board_modifier.py:362]: Adding track segment (B.Cu): [(304958750, 109220000), (304958750, 112090000)]
[board_modifier.py:367]: Track added
[board_modifier.py:362]: Adding track segment (B.Cu): [(304958750, 112090000), (305518750, 112650000)]
[board_modifier.py:367]: Track added
[key_placer.py:361]: Routing SW60 with D60
[key_placer.py:363]: Using internal autorouter method
[board_modifier.py:433]: Routing at B.Cu layer
[board_modifier.py:499]: Routing pad 'SW60:2' at (281146250, 109220000) with pad 'D60:2' at (281706250, 112650000) using coordinate system rotated by 0 degree(s)
[board_modifier.py:362]: Adding track segment (B.Cu): [(281146250, 109220000), (281146250, 112090000)]
[board_modifier.py:367]: Track added
[board_modifier.py:362]: Adding track segment (B.Cu): [(281146250, 112090000), (281706250, 112650000)]
[board_modifier.py:367]: Track added
[key_placer.py:361]: Routing SW59 with D59
[key_placer.py:363]: Using internal autorouter method
[board_modifier.py:433]: Routing at B.Cu layer
[board_modifier.py:499]: Routing pad 'SW59:2' at (257333750, 109220000) with pad 'D59:2' at (257893750, 112650000) using coordinate system rotated by 0 degree(s)
[board_modifier.py:362]: Adding track segment (B.Cu): [(257333750, 109220000), (257333750, 112090000)]
[board_modifier.py:367]: Track added
[board_modifier.py:362]: Adding track segment (B.Cu): [(257333750, 112090000), (257893750, 112650000)]
[board_modifier.py:367]: Track added
[key_placer.py:361]: Routing SW58 with D58
[key_placer.py:363]: Using internal autorouter method
[board_modifier.py:433]: Routing at B.Cu layer
[board_modifier.py:499]: Routing pad 'SW58:2' at (233521250, 109220000) with pad 'D58:2' at (234081250, 112650000) using coordinate system rotated by 0 degree(s)
[board_modifier.py:362]: Adding track segment (B.Cu): [(233521250, 109220000), (233521250, 112090000)]
[board_modifier.py:367]: Track added
[board_modifier.py:362]: Adding track segment (B.Cu): [(233521250, 112090000), (234081250, 112650000)]
[board_modifier.py:367]: Track added
[key_placer.py:361]: Routing SW57 with D57
[key_placer.py:363]: Using internal autorouter method
[board_modifier.py:433]: Routing at B.Cu layer
[board_modifier.py:499]: Routing pad 'SW57:2' at (162083750, 109220000) with pad 'D57:2' at (162643750, 112650000) using coordinate system rotated by 0 degree(s)
[board_modifier.py:362]: Adding track segment (B.Cu): [(162083750, 109220000), (162083750, 112090000)]
[board_modifier.py:367]: Track added
[board_modifier.py:362]: Adding track segment (B.Cu): [(162083750, 112090000), (162643750, 112650000)]
[board_modifier.py:367]: Track added
[key_placer.py:361]: Routing SW56 with D56
[key_placer.py:363]: Using internal autorouter method
[board_modifier.py:433]: Routing at B.Cu layer
[board_modifier.py:499]: Routing pad 'SW56:2' at (90646250, 109220000) with pad 'D56:2' at (91206250, 112650000) using coordinate system rotated by 0 degree(s)
[board_modifier.py:362]: Adding track segment (B.Cu): [(90646250, 109220000), (90646250, 112090000)]
[board_modifier.py:367]: Track added
[board_modifier.py:362]: Adding track segment (B.Cu): [(90646250, 112090000), (91206250, 112650000)]
[board_modifier.py:367]: Track added
[key_placer.py:361]: Routing SW55 with D55
[key_placer.py:363]: Using internal autorouter method
[board_modifier.py:433]: Routing at B.Cu layer
[board_modifier.py:499]: Routing pad 'SW55:2' at (66833750, 109220000) with pad 'D55:2' at (67393750, 112650000) using coordinate system rotated by 0 degree(s)
[board_modifier.py:362]: Adding track segment (B.Cu): [(66833750, 109220000), (66833750, 112090000)]
[board_modifier.py:367]: Track added
[board_modifier.py:362]: Adding track segment (B.Cu): [(66833750, 112090000), (67393750, 112650000)]
[board_modifier.py:367]: Track added
[key_placer.py:361]: Routing SW54 with D54
[key_placer.py:363]: Using internal autorouter method
[board_modifier.py:433]: Routing at B.Cu layer
[board_modifier.py:499]: Routing pad 'SW54:2' at (43021250, 109220000) with pad 'D54:2' at (43581250, 112650000) using coordinate system rotated by 0 degree(s)
[board_modifier.py:362]: Adding track segment (B.Cu): [(43021250, 109220000), (43021250, 112090000)]
[board_modifier.py:367]: Track added
[board_modifier.py:362]: Adding track segment (B.Cu): [(43021250, 112090000), (43581250, 112650000)]
[board_modifier.py:367]: Track added
[key_placer.py:361]: Routing SW53 with D53
[key_placer.py:363]: Using internal autorouter method
[board_modifier.py:433]: Routing at B.Cu layer
[board_modifier.py:499]: Routing pad 'SW53:2' at (290671250, 90170000) with pad 'D53:2' at (291231250, 93600000) using coordinate system rotated by 0 degree(s)
[board_modifier.py:362]: Adding track segment (B.Cu): [(290671250, 90170000), (290671250, 93040000)]
[board_modifier.py:367]: Track added
[board_modifier.py:362]: Adding track segment (B.Cu): [(290671250, 93040000), (291231250, 93600000)]
[board_modifier.py:367]: Track added
[key_placer.py:361]: Routing SW52 with D52
[key_placer.py:363]: Using internal autorouter method
[board_modifier.py:433]: Routing at B.Cu layer
[board_modifier.py:499]: Routing pad 'SW52:2' at (254952500, 90170000) with pad 'D52:2' at (255512500, 93600000) using coordinate system rotated by 0 degree(s)
[board_modifier.py:362]: Adding track segment (B.Cu): [(254952500, 90170000), (254952500, 93040000)]
[board_modifier.py:367]: Track added
[board_modifier.py:362]: Adding track segment (B.Cu): [(254952500, 93040000), (255512500, 93600000)]
[board_modifier.py:367]: Track added
[key_placer.py:361]: Routing SW51 with D51
[key_placer.py:363]: Using internal autorouter method
[board_modifier.py:433]: Routing at B.Cu layer
[board_modifier.py:499]: Routing pad 'SW51:2' at (235902500, 90170000) with pad 'D51:2' at (236462500, 93600000) using coordinate system rotated by 0 degree(s)
[board_modifier.py:362]: Adding track segment (B.Cu): [(235902500, 90170000), (235902500, 93040000)]
[board_modifier.py:367]: Track added
[board_modifier.py:362]: Adding track segment (B.Cu): [(235902500, 93040000), (236462500, 93600000)]
[board_modifier.py:367]: Track added
[key_placer.py:361]: Routing SW50 with D50
[key_placer.py:363]: Using internal autorouter method
[board_modifier.py:433]: Routing at B.Cu layer
[board_modifier.py:499]: Routing pad 'SW50:2' at (216852500, 90170000) with pad 'D50:2' at (217412500, 93600000) using coordinate system rotated by 0 degree(s)
[board_modifier.py:362]: Adding track segment (B.Cu): [(216852500, 90170000), (216852500, 93040000)]
[board_modifier.py:367]: Track added
[board_modifier.py:362]: Adding track segment (B.Cu): [(216852500, 93040000), (217412500, 93600000)]
[board_modifier.py:367]: Track added
[key_placer.py:361]: Routing SW49 with D49
[key_placer.py:363]: Using internal autorouter method
[board_modifier.py:433]: Routing at B.Cu layer
[board_modifier.py:499]: Routing pad 'SW49:2' at (197802500, 90170000) with pad 'D49:2' at (198362500, 93600000) using coordinate system rotated by 0 degree(s)
[board_modifier.py:362]: Adding track segment (B.Cu): [(197802500, 90170000), (197802500, 93040000)]
[board_modifier.py:367]: Track added
[board_modifier.py:362]: Adding track segment (B.Cu): [(197802500, 93040000), (198362500, 93600000)]
[board_modifier.py:367]: Track added
[key_placer.py:361]: Routing SW48 with D48
[key_placer.py:363]: Using internal autorouter method
[board_modifier.py:433]: Routing at B.Cu layer
[board_modifier.py:499]: Routing pad 'SW48:2' at (178752500, 90170000) with pad 'D48:2' at (179312500, 93600000) using coordinate system rotated by 0 degree(s)
[board_modifier.py:362]: Adding track segment (B.Cu): [(178752500, 90170000), (178752500, 93040000)]
[board_modifier.py:367]: Track added
[board_modifier.py:362]: Adding track segment (B.Cu): [(178752500, 93040000), (179312500, 93600000)]
[board_modifier.py:367]: Track added
[key_placer.py:361]: Routing SW47 with D47
[key_placer.py:363]: Using internal autorouter method
[board_modifier.py:433]: Routing at B.Cu layer
[board_modifier.py:499]: Routing pad 'SW47:2' at (159702500, 90170000) with pad 'D47:2' at (160262500, 93600000) using coordinate system rotated by 0 degree(s)
[board_modifier.py:362]: Adding track segment (B.Cu): [(159702500, 90170000), (159702500, 93040000)]
[board_modifier.py:367]: Track added
[board_modifier.py:362]: Adding track segment (B.Cu): [(159702500, 93040000), (160262500, 93600000)]
[board_modifier.py:367]: Track added
[key_placer.py:361]: Routing SW46 with D46
[key_placer.py:363]: Using internal autorouter method
[board_modifier.py:433]: Routing at B.Cu layer
[board_modifier.py:499]: Routing pad 'SW46:2' at (140652500, 90170000) with pad 'D46:2' at (141212500, 93600000) using coordinate system rotated by 0 degree(s)
[board_modifier.py:362]: Adding track segment (B.Cu): [(140652500, 90170000), (140652500, 93040000)]
[board_modifier.py:367]: Track added
[board_modifier.py:362]: Adding track segment (B.Cu): [(140652500, 93040000), (141212500, 93600000)]
[board_modifier.py:367]: Track added
[key_placer.py:361]: Routing SW45 with D45
[key_placer.py:363]: Using internal autorouter method
[board_modifier.py:433]: Routing at B.Cu layer
[board_modifier.py:499]: Routing pad 'SW45:2' at (121602500, 90170000) with pad 'D45:2' at (122162500, 93600000) using coordinate system rotated by 0 degree(s)
[board_modifier.py:362]: Adding track segment (B.Cu): [(121602500, 90170000), (121602500, 93040000)]
[board_modifier.py:367]: Track added
[board_modifier.py:362]: Adding track segment (B.Cu): [(121602500, 93040000), (122162500, 93600000)]
[board_modifier.py:367]: Track added
[key_placer.py:361]: Routing SW44 with D44
[key_placer.py:363]: Using internal autorouter method
[board_modifier.py:433]: Routing at B.Cu layer
[board_modifier.py:499]: Routing pad 'SW44:2' at (102552500, 90170000) with pad 'D44:2' at (103112500, 93600000) using coordinate system rotated by 0 degree(s)
[board_modifier.py:362]: Adding track segment (B.Cu): [(102552500, 90170000), (102552500, 93040000)]
[board_modifier.py:367]: Track added
[board_modifier.py:362]: Adding track segment (B.Cu): [(102552500, 93040000), (103112500, 93600000)]
[board_modifier.py:367]: Track added
[key_placer.py:361]: Routing SW43 with D43
[key_placer.py:363]: Using internal autorouter method
[board_modifier.py:433]: Routing at B.Cu layer
[board_modifier.py:499]: Routing pad 'SW43:2' at (83502500, 90170000) with pad 'D43:2' at (84062500, 93600000) using coordinate system rotated by 0 degree(s)
[board_modifier.py:362]: Adding track segment (B.Cu): [(83502500, 90170000), (83502500, 93040000)]
[board_modifier.py:367]: Track added
[board_modifier.py:362]: Adding track segment (B.Cu): [(83502500, 93040000), (84062500, 93600000)]
[board_modifier.py:367]: Track added
[key_placer.py:361]: Routing SW42 with D41
[key_placer.py:363]: Using internal autorouter method
[board_modifier.py:433]: Routing at B.Cu layer
[board_modifier.py:499]: Routing pad 'SW42:2' at (52546250, 90170000) with pad 'D41:2' at (53106250, 93600000) using coordinate system rotated by 0 degree(s)
[board_modifier.py:362]: Adding track segment (B.Cu): [(52546250, 90170000), (52546250, 93040000)]
[board_modifier.py:367]: Track added
[board_modifier.py:362]: Adding track segment (B.Cu): [(52546250, 93040000), (53106250, 93600000)]
[board_modifier.py:367]: Track added
[key_placer.py:361]: Routing SW41 with D42
[key_placer.py:363]: Using internal autorouter method
[board_modifier.py:433]: Routing at B.Cu layer
[board_modifier.py:499]: Routing pad 'SW41:2' at (295433750, 71120000) with pad 'D42:2' at (295993750, 74550000) using coordinate system rotated by 0 degree(s)
[board_modifier.py:362]: Adding track segment (B.Cu): [(295433750, 71120000), (295433750, 73990000)]
[board_modifier.py:367]: Track added
[board_modifier.py:362]: Adding track segment (B.Cu): [(295433750, 73990000), (295993750, 74550000)]
[board_modifier.py:367]: Track added
[key_placer.py:361]: Routing SW40 with D40
[key_placer.py:363]: Using internal autorouter method
[board_modifier.py:433]: Routing at B.Cu layer
[board_modifier.py:499]: Routing pad 'SW40:2' at (264477500, 71120000) with pad 'D40:2' at (265037500, 74550000) using coordinate system rotated by 0 degree(s)
[board_modifier.py:362]: Adding track segment (B.Cu): [(264477500, 71120000), (264477500, 73990000)]
[board_modifier.py:367]: Track added
[board_modifier.py:362]: Adding track segment (B.Cu): [(264477500, 73990000), (265037500, 74550000)]
[board_modifier.py:367]: Track added
[key_placer.py:361]: Routing SW39 with D39
[key_placer.py:363]: Using internal autorouter method
[board_modifier.py:433]: Routing at B.Cu layer
[board_modifier.py:499]: Routing pad 'SW39:2' at (245427500, 71120000) with pad 'D39:2' at (245987500, 74550000) using coordinate system rotated by 0 degree(s)
[board_modifier.py:362]: Adding track segment (B.Cu): [(245427500, 71120000), (245427500, 73990000)]
[board_modifier.py:367]: Track added
[board_modifier.py:362]: Adding track segment (B.Cu): [(245427500, 73990000), (245987500, 74550000)]
[board_modifier.py:367]: Track added
[key_placer.py:361]: Routing SW38 with D38
[key_placer.py:363]: Using internal autorouter method
[board_modifier.py:433]: Routing at B.Cu layer
[board_modifier.py:499]: Routing pad 'SW38:2' at (226377500, 71120000) with pad 'D38:2' at (226937500, 74550000) using coordinate system rotated by 0 degree(s)
[board_modifier.py:362]: Adding track segment (B.Cu): [(226377500, 71120000), (226377500, 73990000)]
[board_modifier.py:367]: Track added
[board_modifier.py:362]: Adding track segment (B.Cu): [(226377500, 73990000), (226937500, 74550000)]
[board_modifier.py:367]: Track added
[key_placer.py:361]: Routing SW37 with D37
[key_placer.py:363]: Using internal autorouter method
[board_modifier.py:433]: Routing at B.Cu layer
[board_modifier.py:499]: Routing pad 'SW37:2' at (207327500, 71120000) with pad 'D37:2' at (207887500, 74550000) using coordinate system rotated by 0 degree(s)
[board_modifier.py:362]: Adding track segment (B.Cu): [(207327500, 71120000), (207327500, 73990000)]
[board_modifier.py:367]: Track added
[board_modifier.py:362]: Adding track segment (B.Cu): [(207327500, 73990000), (207887500, 74550000)]
[board_modifier.py:367]: Track added
[key_placer.py:361]: Routing SW36 with D36
[key_placer.py:363]: Using internal autorouter method
[board_modifier.py:433]: Routing at B.Cu layer
[board_modifier.py:499]: Routing pad 'SW36:2' at (188277500, 71120000) with pad 'D36:2' at (188837500, 74550000) using coordinate system rotated by 0 degree(s)
[board_modifier.py:362]: Adding track segment (B.Cu): [(188277500, 71120000), (188277500, 73990000)]
[board_modifier.py:367]: Track added
[board_modifier.py:362]: Adding track segment (B.Cu): [(188277500, 73990000), (188837500, 74550000)]
[board_modifier.py:367]: Track added
[key_placer.py:361]: Routing SW35 with D35
[key_placer.py:363]: Using internal autorouter method
[board_modifier.py:433]: Routing at B.Cu layer
[board_modifier.py:499]: Routing pad 'SW35:2' at (169227500, 71120000) with pad 'D35:2' at (169787500, 74550000) using coordinate system rotated by 0 degree(s)
[board_modifier.py:362]: Adding track segment (B.Cu): [(169227500, 71120000), (169227500, 73990000)]
[board_modifier.py:367]: Track added
[board_modifier.py:362]: Adding track segment (B.Cu): [(169227500, 73990000), (169787500, 74550000)]
[board_modifier.py:367]: Track added
[key_placer.py:361]: Routing SW34 with D34
[key_placer.py:363]: Using internal autorouter method
[board_modifier.py:433]: Routing at B.Cu layer
[board_modifier.py:499]: Routing pad 'SW34:2' at (150177500, 71120000) with pad 'D34:2' at (150737500, 74550000) using coordinate system rotated by 0 degree(s)
[board_modifier.py:362]: Adding track segment (B.Cu): [(150177500, 71120000), (150177500, 73990000)]
[board_modifier.py:367]: Track added
[board_modifier.py:362]: Adding track segment (B.Cu): [(150177500, 73990000), (150737500, 74550000)]
[board_modifier.py:367]: Track added
[key_placer.py:361]: Routing SW33 with D33
[key_placer.py:363]: Using internal autorouter method
[board_modifier.py:433]: Routing at B.Cu layer
[board_modifier.py:499]: Routing pad 'SW33:2' at (131127500, 71120000) with pad 'D33:2' at (131687500, 74550000) using coordinate system rotated by 0 degree(s)
[board_modifier.py:362]: Adding track segment (B.Cu): [(131127500, 71120000), (131127500, 73990000)]
[board_modifier.py:367]: Track added
[board_modifier.py:362]: Adding track segment (B.Cu): [(131127500, 73990000), (131687500, 74550000)]
[board_modifier.py:367]: Track added
[key_placer.py:361]: Routing SW32 with D32
[key_placer.py:363]: Using internal autorouter method
[board_modifier.py:433]: Routing at B.Cu layer
[board_modifier.py:499]: Routing pad 'SW32:2' at (112077500, 71120000) with pad 'D32:2' at (112637500, 74550000) using coordinate system rotated by 0 degree(s)
[board_modifier.py:362]: Adding track segment (B.Cu): [(112077500, 71120000), (112077500, 73990000)]
[board_modifier.py:367]: Track added
[board_modifier.py:362]: Adding track segment (B.Cu): [(112077500, 73990000), (112637500, 74550000)]
[board_modifier.py:367]: Track added
[key_placer.py:361]: Routing SW31 with D31
[key_placer.py:363]: Using internal autorouter method
[board_modifier.py:433]: Routing at B.Cu layer
[board_modifier.py:499]: Routing pad 'SW31:2' at (93027500, 71120000) with pad 'D31:2' at (93587500, 74550000) using coordinate system rotated by 0 degree(s)
[board_modifier.py:362]: Adding track segment (B.Cu): [(93027500, 71120000), (93027500, 73990000)]
[board_modifier.py:367]: Track added
[board_modifier.py:362]: Adding track segment (B.Cu): [(93027500, 73990000), (93587500, 74550000)]
[board_modifier.py:367]: Track added
[key_placer.py:361]: Routing SW30 with D30
[key_placer.py:363]: Using internal autorouter method
[board_modifier.py:433]: Routing at B.Cu layer
[board_modifier.py:499]: Routing pad 'SW30:2' at (73977500, 71120000) with pad 'D30:2' at (74537500, 74550000) using coordinate system rotated by 0 degree(s)
[board_modifier.py:362]: Adding track segment (B.Cu): [(73977500, 71120000), (73977500, 73990000)]
[board_modifier.py:367]: Track added
[board_modifier.py:362]: Adding track segment (B.Cu): [(73977500, 73990000), (74537500, 74550000)]
[board_modifier.py:367]: Track added
[key_placer.py:361]: Routing SW29 with D29
[key_placer.py:363]: Using internal autorouter method
[board_modifier.py:433]: Routing at B.Cu layer
[board_modifier.py:499]: Routing pad 'SW29:2' at (47783750, 71120000) with pad 'D29:2' at (48343750, 74550000) using coordinate system rotated by 0 degree(s)
[board_modifier.py:362]: Adding track segment (B.Cu): [(47783750, 71120000), (47783750, 73990000)]
[board_modifier.py:367]: Track added
[board_modifier.py:362]: Adding track segment (B.Cu): [(47783750, 73990000), (48343750, 74550000)]
[board_modifier.py:367]: Track added
[key_placer.py:361]: Routing SW28 with D28
[key_placer.py:363]: Using internal autorouter method
[board_modifier.py:433]: Routing at B.Cu layer
[board_modifier.py:499]: Routing pad 'SW28:2' at (302577500, 52070000) with pad 'D28:2' at (303137500, 55500000) using coordinate system rotated by 0 degree(s)
[board_modifier.py:362]: Adding track segment (B.Cu): [(302577500, 52070000), (302577500, 54940000)]
[board_modifier.py:367]: Track added
[board_modifier.py:362]: Adding track segment (B.Cu): [(302577500, 54940000), (303137500, 55500000)]
[board_modifier.py:367]: Track added
[key_placer.py:361]: Routing SW27 with D27
[key_placer.py:363]: Using internal autorouter method
[board_modifier.py:433]: Routing at B.Cu layer
[board_modifier.py:499]: Routing pad 'SW27:2' at (278765000, 52070000) with pad 'D27:2' at (279325000, 55500000) using coordinate system rotated by 0 degree(s)
[board_modifier.py:362]: Adding track segment (B.Cu): [(278765000, 52070000), (278765000, 54940000)]
[board_modifier.py:367]: Track added
[board_modifier.py:362]: Adding track segment (B.Cu): [(278765000, 54940000), (279325000, 55500000)]
[board_modifier.py:367]: Track added
[key_placer.py:361]: Routing SW26 with D26
[key_placer.py:363]: Using internal autorouter method
[board_modifier.py:433]: Routing at B.Cu layer
[board_modifier.py:499]: Routing pad 'SW26:2' at (259715000, 52070000) with pad 'D26:2' at (260275000, 55500000) using coordinate system rotated by 0 degree(s)
[board_modifier.py:362]: Adding track segment (B.Cu): [(259715000, 52070000), (259715000, 54940000)]
[board_modifier.py:367]: Track added
[board_modifier.py:362]: Adding track segment (B.Cu): [(259715000, 54940000), (260275000, 55500000)]
[board_modifier.py:367]: Track added
[key_placer.py:361]: Routing SW25 with D25
[key_placer.py:363]: Using internal autorouter method
[board_modifier.py:433]: Routing at B.Cu layer
[board_modifier.py:499]: Routing pad 'SW25:2' at (240665000, 52070000) with pad 'D25:2' at (241225000, 55500000) using coordinate system rotated by 0 degree(s)
[board_modifier.py:362]: Adding track segment (B.Cu): [(240665000, 52070000), (240665000, 54940000)]
[board_modifier.py:367]: Track added
[board_modifier.py:362]: Adding track segment (B.Cu): [(240665000, 54940000), (241225000, 55500000)]
[board_modifier.py:367]: Track added
[key_placer.py:361]: Routing SW24 with D24
[key_placer.py:363]: Using internal autorouter method
[board_modifier.py:433]: Routing at B.Cu layer
[board_modifier.py:499]: Routing pad 'SW24:2' at (221615000, 52070000) with pad 'D24:2' at (222175000, 55500000) using coordinate system rotated by 0 degree(s)
[board_modifier.py:362]: Adding track segment (B.Cu): [(221615000, 52070000), (221615000, 54940000)]
[board_modifier.py:367]: Track added
[board_modifier.py:362]: Adding track segment (B.Cu): [(221615000, 54940000), (222175000, 55500000)]
[board_modifier.py:367]: Track added
[key_placer.py:361]: Routing SW23 with D23
[key_placer.py:363]: Using internal autorouter method
[board_modifier.py:433]: Routing at B.Cu layer
[board_modifier.py:499]: Routing pad 'SW23:2' at (202565000, 52070000) with pad 'D23:2' at (203125000, 55500000) using coordinate system rotated by 0 degree(s)
[board_modifier.py:362]: Adding track segment (B.Cu): [(202565000, 52070000), (202565000, 54940000)]
[board_modifier.py:367]: Track added
[board_modifier.py:362]: Adding track segment (B.Cu): [(202565000, 54940000), (203125000, 55500000)]
[board_modifier.py:367]: Track added
[key_placer.py:361]: Routing SW22 with D22
[key_placer.py:363]: Using internal autorouter method
[board_modifier.py:433]: Routing at B.Cu layer
[board_modifier.py:499]: Routing pad 'SW22:2' at (183515000, 52070000) with pad 'D22:2' at (184075000, 55500000) using coordinate system rotated by 0 degree(s)
[board_modifier.py:362]: Adding track segment (B.Cu): [(183515000, 52070000), (183515000, 54940000)]
[board_modifier.py:367]: Track added
[board_modifier.py:362]: Adding track segment (B.Cu): [(183515000, 54940000), (184075000, 55500000)]
[board_modifier.py:367]: Track added
[key_placer.py:361]: Routing SW21 with D21
[key_placer.py:363]: Using internal autorouter method
[board_modifier.py:433]: Routing at B.Cu layer
[board_modifier.py:499]: Routing pad 'SW21:2' at (164465000, 52070000) with pad 'D21:2' at (165025000, 55500000) using coordinate system rotated by 0 degree(s)
[board_modifier.py:362]: Adding track segment (B.Cu): [(164465000, 52070000), (164465000, 54940000)]
[board_modifier.py:367]: Track added
[board_modifier.py:362]: Adding track segment (B.Cu): [(164465000, 54940000), (165025000, 55500000)]
[board_modifier.py:367]: Track added
[key_placer.py:361]: Routing SW20 with D20
[key_placer.py:363]: Using internal autorouter method
[board_modifier.py:433]: Routing at B.Cu layer
[board_modifier.py:499]: Routing pad 'SW20:2' at (145415000, 52070000) with pad 'D20:2' at (145975000, 55500000) using coordinate system rotated by 0 degree(s)
[board_modifier.py:362]: Adding track segment (B.Cu): [(145415000, 52070000), (145415000, 54940000)]
[board_modifier.py:367]: Track added
[board_modifier.py:362]: Adding track segment (B.Cu): [(145415000, 54940000), (145975000, 55500000)]
[board_modifier.py:367]: Track added
[key_placer.py:361]: Routing SW19 with D19
[key_placer.py:363]: Using internal autorouter method
[board_modifier.py:433]: Routing at B.Cu layer
[board_modifier.py:499]: Routing pad 'SW19:2' at (126365000, 52070000) with pad 'D19:2' at (126925000, 55500000) using coordinate system rotated by 0 degree(s)
[board_modifier.py:362]: Adding track segment (B.Cu): [(126365000, 52070000), (126365000, 54940000)]
[board_modifier.py:367]: Track added
[board_modifier.py:362]: Adding track segment (B.Cu): [(126365000, 54940000), (126925000, 55500000)]
[board_modifier.py:367]: Track added
[key_placer.py:361]: Routing SW18 with D18
[key_placer.py:363]: Using internal autorouter method
[board_modifier.py:433]: Routing at B.Cu layer
[board_modifier.py:499]: Routing pad 'SW18:2' at (107315000, 52070000) with pad 'D18:2' at (107875000, 55500000) using coordinate system rotated by 0 degree(s)
[board_modifier.py:362]: Adding track segment (B.Cu): [(107315000, 52070000), (107315000, 54940000)]
[board_modifier.py:367]: Track added
[board_modifier.py:362]: Adding track segment (B.Cu): [(107315000, 54940000), (107875000, 55500000)]
[board_modifier.py:367]: Track added
[key_placer.py:361]: Routing SW17 with D17
[key_placer.py:363]: Using internal autorouter method
[board_modifier.py:433]: Routing at B.Cu layer
[board_modifier.py:499]: Routing pad 'SW17:2' at (88265000, 52070000) with pad 'D17:2' at (88825000, 55500000) using coordinate system rotated by 0 degree(s)
[board_modifier.py:362]: Adding track segment (B.Cu): [(88265000, 52070000), (88265000, 54940000)]
[board_modifier.py:367]: Track added
[board_modifier.py:362]: Adding track segment (B.Cu): [(88265000, 54940000), (88825000, 55500000)]
[board_modifier.py:367]: Track added
[key_placer.py:361]: Routing SW16 with D16
[key_placer.py:363]: Using internal autorouter method
[board_modifier.py:433]: Routing at B.Cu layer
[board_modifier.py:499]: Routing pad 'SW16:2' at (69215000, 52070000) with pad 'D16:2' at (69775000, 55500000) using coordinate system rotated by 0 degree(s)
[board_modifier.py:362]: Adding track segment (B.Cu): [(69215000, 52070000), (69215000, 54940000)]
[board_modifier.py:367]: Track added
[board_modifier.py:362]: Adding track segment (B.Cu): [(69215000, 54940000), (69775000, 55500000)]
[board_modifier.py:367]: Track added
[key_placer.py:361]: Routing SW15 with D15
[key_placer.py:363]: Using internal autorouter method
[board_modifier.py:433]: Routing at B.Cu layer
[board_modifier.py:499]: Routing pad 'SW15:2' at (45402500, 52070000) with pad 'D15:2' at (45962500, 55500000) using coordinate system rotated by 0 degree(s)
[board_modifier.py:362]: Adding track segment (B.Cu): [(45402500, 52070000), (45402500, 54940000)]
[board_modifier.py:367]: Track added
[board_modifier.py:362]: Adding track segment (B.Cu): [(45402500, 54940000), (45962500, 55500000)]
[board_modifier.py:367]: Track added
[key_placer.py:361]: Routing SW14 with D14
[key_placer.py:363]: Using internal autorouter method
[board_modifier.py:433]: Routing at B.Cu layer
[board_modifier.py:499]: Routing pad 'SW14:2' at (297815000, 33020000) with pad 'D14:2' at (298375000, 36450000) using coordinate system rotated by 0 degree(s)
[board_modifier.py:362]: Adding track segment (B.Cu): [(297815000, 33020000), (297815000, 35890000)]
[board_modifier.py:367]: Track added
[board_modifier.py:362]: Adding track segment (B.Cu): [(297815000, 35890000), (298375000, 36450000)]
[board_modifier.py:367]: Track added
[key_placer.py:361]: Routing SW13 with D13
[key_placer.py:363]: Using internal autorouter method
[board_modifier.py:433]: Routing at B.Cu layer
[board_modifier.py:499]: Routing pad 'SW13:2' at (269240000, 33020000) with pad 'D13:2' at (269800000, 36450000) using coordinate system rotated by 0 degree(s)
[board_modifier.py:362]: Adding track segment (B.Cu): [(269240000, 33020000), (269240000, 35890000)]
[board_modifier.py:367]: Track added
[board_modifier.py:362]: Adding track segment (B.Cu): [(269240000, 35890000), (269800000, 36450000)]
[board_modifier.py:367]: Track added
[key_placer.py:361]: Routing SW12 with D12
[key_placer.py:363]: Using internal autorouter method
[board_modifier.py:433]: Routing at B.Cu layer
[board_modifier.py:499]: Routing pad 'SW12:2' at (250190000, 33020000) with pad 'D12:2' at (250750000, 36450000) using coordinate system rotated by 0 degree(s)
[board_modifier.py:362]: Adding track segment (B.Cu): [(250190000, 33020000), (250190000, 35890000)]
[board_modifier.py:367]: Track added
[board_modifier.py:362]: Adding track segment (B.Cu): [(250190000, 35890000), (250750000, 36450000)]
[board_modifier.py:367]: Track added
[key_placer.py:361]: Routing SW11 with D11
[key_placer.py:363]: Using internal autorouter method
[board_modifier.py:433]: Routing at B.Cu layer
[board_modifier.py:499]: Routing pad 'SW11:2' at (231140000, 33020000) with pad 'D11:2' at (231700000, 36450000) using coordinate system rotated by 0 degree(s)
[board_modifier.py:362]: Adding track segment (B.Cu): [(231140000, 33020000), (231140000, 35890000)]
[board_modifier.py:367]: Track added
[board_modifier.py:362]: Adding track segment (B.Cu): [(231140000, 35890000), (231700000, 36450000)]
[board_modifier.py:367]: Track added
[key_placer.py:361]: Routing SW10 with D10
[key_placer.py:363]: Using internal autorouter method
[board_modifier.py:433]: Routing at B.Cu layer
[board_modifier.py:499]: Routing pad 'SW10:2' at (212090000, 33020000) with pad 'D10:2' at (212650000, 36450000) using coordinate system rotated by 0 degree(s)
[board_modifier.py:362]: Adding track segment (B.Cu): [(212090000, 33020000), (212090000, 35890000)]
[board_modifier.py:367]: Track added
[board_modifier.py:362]: Adding track segment (B.Cu): [(212090000, 35890000), (212650000, 36450000)]
[board_modifier.py:367]: Track added
[key_placer.py:361]: Routing SW9 with D9
[key_placer.py:363]: Using internal autorouter method
[board_modifier.py:433]: Routing at B.Cu layer
[board_modifier.py:499]: Routing pad 'SW9:2' at (193040000, 33020000) with pad 'D9:2' at (193600000, 36450000) using coordinate system rotated by 0 degree(s)
[board_modifier.py:362]: Adding track segment (B.Cu): [(193040000, 33020000), (193040000, 35890000)]
[board_modifier.py:367]: Track added
[board_modifier.py:362]: Adding track segment (B.Cu): [(193040000, 35890000), (193600000, 36450000)]
[board_modifier.py:367]: Track added
[key_placer.py:361]: Routing SW8 with D8
[key_placer.py:363]: Using internal autorouter method
[board_modifier.py:433]: Routing at B.Cu layer
[board_modifier.py:499]: Routing pad 'SW8:2' at (173990000, 33020000) with pad 'D8:2' at (174550000, 36450000) using coordinate system rotated by 0 degree(s)
[board_modifier.py:362]: Adding track segment (B.Cu): [(173990000, 33020000), (173990000, 35890000)]
[board_modifier.py:367]: Track added
[board_modifier.py:362]: Adding track segment (B.Cu): [(173990000, 35890000), (174550000, 36450000)]
[board_modifier.py:367]: Track added
[key_placer.py:361]: Routing SW7 with D7
[key_placer.py:363]: Using internal autorouter method
[board_modifier.py:433]: Routing at B.Cu layer
[board_modifier.py:499]: Routing pad 'SW7:2' at (154940000, 33020000) with pad 'D7:2' at (155500000, 36450000) using coordinate system rotated by 0 degree(s)
[board_modifier.py:362]: Adding track segment (B.Cu): [(154940000, 33020000), (154940000, 35890000)]
[board_modifier.py:367]: Track added
[board_modifier.py:362]: Adding track segment (B.Cu): [(154940000, 35890000), (155500000, 36450000)]
[board_modifier.py:367]: Track added
[key_placer.py:361]: Routing SW6 with D6
[key_placer.py:363]: Using internal autorouter method
[board_modifier.py:433]: Routing at B.Cu layer
[board_modifier.py:499]: Routing pad 'SW6:2' at (135890000, 33020000) with pad 'D6:2' at (136450000, 36450000) using coordinate system rotated by 0 degree(s)
[board_modifier.py:362]: Adding track segment (B.Cu): [(135890000, 33020000), (135890000, 35890000)]
[board_modifier.py:367]: Track added
[board_modifier.py:362]: Adding track segment (B.Cu): [(135890000, 35890000), (136450000, 36450000)]
[board_modifier.py:367]: Track added
[key_placer.py:361]: Routing SW5 with D5
[key_placer.py:363]: Using internal autorouter method
[board_modifier.py:433]: Routing at B.Cu layer
[board_modifier.py:499]: Routing pad 'SW5:2' at (116840000, 33020000) with pad 'D5:2' at (117400000, 36450000) using coordinate system rotated by 0 degree(s)
[board_modifier.py:362]: Adding track segment (B.Cu): [(116840000, 33020000), (116840000, 35890000)]
[board_modifier.py:367]: Track added
[board_modifier.py:362]: Adding track segment (B.Cu): [(116840000, 35890000), (117400000, 36450000)]
[board_modifier.py:367]: Track added
[key_placer.py:361]: Routing SW4 with D4
[key_placer.py:363]: Using internal autorouter method
[board_modifier.py:433]: Routing at B.Cu layer
[board_modifier.py:499]: Routing pad 'SW4:2' at (97790000, 33020000) with pad 'D4:2' at (98350000, 36450000) using coordinate system rotated by 0 degree(s)
[board_modifier.py:362]: Adding track segment (B.Cu): [(97790000, 33020000), (97790000, 35890000)]
[board_modifier.py:367]: Track added
[board_modifier.py:362]: Adding track segment (B.Cu): [(97790000, 35890000), (98350000, 36450000)]
[board_modifier.py:367]: Track added
[key_placer.py:361]: Routing SW3 with D3
[key_placer.py:363]: Using internal autorouter method
[board_modifier.py:433]: Routing at B.Cu layer
[board_modifier.py:499]: Routing pad 'SW3:2' at (78740000, 33020000) with pad 'D3:2' at (79300000, 36450000) using coordinate system rotated by 0 degree(s)
[board_modifier.py:362]: Adding track segment (B.Cu): [(78740000, 33020000), (78740000, 35890000)]
[board_modifier.py:367]: Track added
[board_modifier.py:362]: Adding track segment (B.Cu): [(78740000, 35890000), (79300000, 36450000)]
[board_modifier.py:367]: Track added
[key_placer.py:361]: Routing SW2 with D2
[key_placer.py:363]: Using internal autorouter method
[board_modifier.py:433]: Routing at B.Cu layer
[board_modifier.py:499]: Routing pad 'SW2:2' at (59690000, 33020000) with pad 'D2:2' at (60250000, 36450000) using coordinate system rotated by 0 degree(s)
[board_modifier.py:362]: Adding track segment (B.Cu): [(59690000, 33020000), (59690000, 35890000)]
[board_modifier.py:367]: Track added
[board_modifier.py:362]: Adding track segment (B.Cu): [(59690000, 35890000), (60250000, 36450000)]
[board_modifier.py:367]: Track added
[key_placer.py:361]: Routing SW1 with D1
[key_placer.py:363]: Using internal autorouter method
[board_modifier.py:433]: Routing at B.Cu layer
[board_modifier.py:499]: Routing pad 'SW1:2' at (40640000, 33020000) with pad 'D1:2' at (41200000, 36450000) using coordinate system rotated by 0 degree(s)
[board_modifier.py:362]: Adding track segment (B.Cu): [(40640000, 33020000), (40640000, 35890000)]
[board_modifier.py:367]: Track added
[board_modifier.py:362]: Adding track segment (B.Cu): [(40640000, 35890000), (41200000, 36450000)]
[board_modifier.py:367]: Track added
[key_placer.py:395]: Removing dangling tracks
[edge_generator.py:74]: Running board edge generation around switch footprints
